{"contracts/Voting.sol":{"l":{"42":34,"43":32,"54":3,"63":5,"69":18,"73":18,"75":14,"76":14,"82":13,"86":11,"92":9,"93":9,"94":9,"95":9,"101":11,"105":9,"106":7,"108":7,"109":7,"110":7,"112":5,"118":24,"122":22,"123":22,"130":16,"134":14,"135":14,"142":13,"146":11,"147":11,"154":7,"158":5,"159":5,"166":5,"170":3,"171":3,"172":2,"176":1,"179":3,"181":3,"182":3},"path":"/home/cleik/Documents/Development/Alyra/Developpeur-Ethereum-Template/chapter-5-unit-testing/Voting/contracts/Voting.sol","s":{"1":34,"2":3,"3":5,"4":18,"5":18,"6":14,"7":14,"8":13,"9":11,"10":9,"11":9,"12":9,"13":9,"14":11,"15":9,"16":7,"17":7,"18":7,"19":5,"20":24,"21":22,"22":22,"23":16,"24":14,"25":14,"26":13,"27":11,"28":11,"29":7,"30":5,"31":5,"32":5,"33":3,"34":3,"35":2,"36":1,"37":3,"38":3,"39":3},"b":{"1":[32,2],"2":[18,0],"3":[14,4],"4":[11,2],"5":[9,2],"6":[9,2],"7":[7,2],"8":[7,0],"9":[22,2],"10":[14,2],"11":[11,2],"12":[5,2],"13":[3,2],"14":[1,1]},"f":{"1":34,"2":3,"3":5,"4":18,"5":13,"6":11,"7":24,"8":16,"9":13,"10":7,"11":5},"fnMap":{"1":{"name":"onlyVoters","line":41,"loc":{"start":{"line":41,"column":4},"end":{"line":44,"column":4}}},"2":{"name":"getVoter","line":51,"loc":{"start":{"line":48,"column":4},"end":{"line":55,"column":4}}},"3":{"name":"getOneProposal","line":60,"loc":{"start":{"line":57,"column":4},"end":{"line":64,"column":4}}},"4":{"name":"addVoter","line":68,"loc":{"start":{"line":68,"column":4},"end":{"line":77,"column":4}}},"5":{"name":"addProposal","line":81,"loc":{"start":{"line":81,"column":4},"end":{"line":96,"column":4}}},"6":{"name":"setVote","line":100,"loc":{"start":{"line":100,"column":4},"end":{"line":113,"column":4}}},"7":{"name":"startProposalsRegistering","line":117,"loc":{"start":{"line":117,"column":4},"end":{"line":127,"column":4}}},"8":{"name":"endProposalsRegistering","line":129,"loc":{"start":{"line":129,"column":4},"end":{"line":139,"column":4}}},"9":{"name":"startVotingSession","line":141,"loc":{"start":{"line":141,"column":4},"end":{"line":151,"column":4}}},"10":{"name":"endVotingSession","line":153,"loc":{"start":{"line":153,"column":4},"end":{"line":163,"column":4}}},"11":{"name":"tallyVotes","line":165,"loc":{"start":{"line":165,"column":4},"end":{"line":186,"column":4}}}},"statementMap":{"1":{"start":{"line":42,"column":8},"end":{"line":42,"column":69}},"2":{"start":{"line":54,"column":8},"end":{"line":54,"column":28}},"3":{"start":{"line":63,"column":8},"end":{"line":63,"column":34}},"4":{"start":{"line":69,"column":8},"end":{"line":69,"column":1601}},"5":{"start":{"line":73,"column":8},"end":{"line":73,"column":72}},"6":{"start":{"line":75,"column":8},"end":{"line":75,"column":40}},"7":{"start":{"line":76,"column":8},"end":{"line":76,"column":35}},"8":{"start":{"line":82,"column":8},"end":{"line":82,"column":2022}},"9":{"start":{"line":86,"column":8},"end":{"line":86,"column":2169}},"10":{"start":{"line":92,"column":8},"end":{"line":92,"column":32}},"11":{"start":{"line":93,"column":8},"end":{"line":93,"column":35}},"12":{"start":{"line":94,"column":8},"end":{"line":94,"column":36}},"13":{"start":{"line":95,"column":8},"end":{"line":95,"column":58}},"14":{"start":{"line":101,"column":8},"end":{"line":101,"column":2661}},"15":{"start":{"line":105,"column":8},"end":{"line":105,"column":77}},"16":{"start":{"line":106,"column":8},"end":{"line":106,"column":66}},"17":{"start":{"line":108,"column":8},"end":{"line":108,"column":47}},"18":{"start":{"line":109,"column":8},"end":{"line":109,"column":41}},"19":{"start":{"line":112,"column":8},"end":{"line":112,"column":35}},"20":{"start":{"line":118,"column":8},"end":{"line":118,"column":3285}},"21":{"start":{"line":122,"column":8},"end":{"line":122,"column":67}},"22":{"start":{"line":123,"column":8},"end":{"line":123,"column":3504}},"23":{"start":{"line":130,"column":8},"end":{"line":130,"column":3718}},"24":{"start":{"line":134,"column":8},"end":{"line":134,"column":65}},"25":{"start":{"line":135,"column":8},"end":{"line":135,"column":3945}},"26":{"start":{"line":142,"column":8},"end":{"line":142,"column":4163}},"27":{"start":{"line":146,"column":8},"end":{"line":146,"column":59}},"28":{"start":{"line":147,"column":8},"end":{"line":147,"column":4385}},"29":{"start":{"line":154,"column":8},"end":{"line":154,"column":4593}},"30":{"start":{"line":158,"column":8},"end":{"line":158,"column":57}},"31":{"start":{"line":159,"column":8},"end":{"line":159,"column":4797}},"32":{"start":{"line":166,"column":8},"end":{"line":166,"column":4991}},"33":{"start":{"line":170,"column":8},"end":{"line":170,"column":34}},"34":{"start":{"line":171,"column":8},"end":{"line":171,"column":5177}},"35":{"start":{"line":172,"column":12},"end":{"line":172,"column":5247}},"36":{"start":{"line":176,"column":16},"end":{"line":176,"column":37}},"37":{"start":{"line":179,"column":8},"end":{"line":179,"column":45}},"38":{"start":{"line":181,"column":8},"end":{"line":181,"column":51}},"39":{"start":{"line":182,"column":8},"end":{"line":182,"column":5547}}},"branchMap":{"1":{"line":42,"type":"if","locations":[{"start":{"line":42,"column":8},"end":{"line":42,"column":8}},{"start":{"line":42,"column":8},"end":{"line":42,"column":8}}]},"2":{"line":69,"type":"if","locations":[{"start":{"line":69,"column":8},"end":{"line":69,"column":8}},{"start":{"line":69,"column":8},"end":{"line":69,"column":8}}]},"3":{"line":73,"type":"if","locations":[{"start":{"line":73,"column":8},"end":{"line":73,"column":8}},{"start":{"line":73,"column":8},"end":{"line":73,"column":8}}]},"4":{"line":82,"type":"if","locations":[{"start":{"line":82,"column":8},"end":{"line":82,"column":8}},{"start":{"line":82,"column":8},"end":{"line":82,"column":8}}]},"5":{"line":86,"type":"if","locations":[{"start":{"line":86,"column":8},"end":{"line":86,"column":8}},{"start":{"line":86,"column":8},"end":{"line":86,"column":8}}]},"6":{"line":101,"type":"if","locations":[{"start":{"line":101,"column":8},"end":{"line":101,"column":8}},{"start":{"line":101,"column":8},"end":{"line":101,"column":8}}]},"7":{"line":105,"type":"if","locations":[{"start":{"line":105,"column":8},"end":{"line":105,"column":8}},{"start":{"line":105,"column":8},"end":{"line":105,"column":8}}]},"8":{"line":106,"type":"if","locations":[{"start":{"line":106,"column":8},"end":{"line":106,"column":8}},{"start":{"line":106,"column":8},"end":{"line":106,"column":8}}]},"9":{"line":118,"type":"if","locations":[{"start":{"line":118,"column":8},"end":{"line":118,"column":8}},{"start":{"line":118,"column":8},"end":{"line":118,"column":8}}]},"10":{"line":130,"type":"if","locations":[{"start":{"line":130,"column":8},"end":{"line":130,"column":8}},{"start":{"line":130,"column":8},"end":{"line":130,"column":8}}]},"11":{"line":142,"type":"if","locations":[{"start":{"line":142,"column":8},"end":{"line":142,"column":8}},{"start":{"line":142,"column":8},"end":{"line":142,"column":8}}]},"12":{"line":154,"type":"if","locations":[{"start":{"line":154,"column":8},"end":{"line":154,"column":8}},{"start":{"line":154,"column":8},"end":{"line":154,"column":8}}]},"13":{"line":166,"type":"if","locations":[{"start":{"line":166,"column":8},"end":{"line":166,"column":8}},{"start":{"line":166,"column":8},"end":{"line":166,"column":8}}]},"14":{"line":172,"type":"if","locations":[{"start":{"line":172,"column":12},"end":{"line":172,"column":12}},{"start":{"line":172,"column":12},"end":{"line":172,"column":12}}]}}}}