{"contracts/Voting.sol":{"l":{"45":8,"46":6,"54":2,"58":3,"65":4,"66":4,"68":3,"69":3,"83":1,"84":1,"87":1,"88":1,"89":1,"90":1,"96":0,"97":0,"98":0,"100":0,"101":0,"102":0,"104":0,"135":1,"136":1,"137":1,"141":0,"142":0,"143":0,"147":0,"148":0,"149":0,"153":0,"154":0,"155":0,"184":0,"185":0,"186":0,"187":0,"188":0,"191":0,"193":0,"194":0},"path":"/home/cleik/Documents/Development/Alyra/Developpeur-Ethereum-Template/chapter-5-unit-testing/Voting/contracts/Voting.sol","s":{"1":8,"2":2,"3":3,"4":4,"5":4,"6":3,"7":3,"8":1,"9":1,"10":1,"11":1,"12":1,"13":1,"14":0,"15":0,"16":0,"17":0,"18":0,"19":0,"20":1,"21":1,"22":1,"23":0,"24":0,"25":0,"26":0,"27":0,"28":0,"29":0,"30":0,"31":0,"32":0,"33":0,"34":0,"35":0,"36":0,"37":0,"38":0,"39":0},"b":{"1":[6,2],"2":[4,0],"3":[3,1],"4":[1,0],"5":[1,0],"6":[0,0],"7":[0,0],"8":[0,0],"9":[1,0],"10":[0,0],"11":[0,0],"12":[0,0],"13":[0,0],"14":[0,0]},"f":{"1":8,"2":2,"3":3,"4":4,"5":1,"6":0,"7":1,"8":0,"9":0,"10":0,"11":0},"fnMap":{"1":{"name":"onlyVoters","line":44,"loc":{"start":{"line":44,"column":4},"end":{"line":47,"column":4}}},"2":{"name":"getVoter","line":53,"loc":{"start":{"line":53,"column":4},"end":{"line":55,"column":4}}},"3":{"name":"getOneProposal","line":57,"loc":{"start":{"line":57,"column":4},"end":{"line":59,"column":4}}},"4":{"name":"addVoter","line":64,"loc":{"start":{"line":64,"column":4},"end":{"line":70,"column":4}}},"5":{"name":"addProposal","line":82,"loc":{"start":{"line":82,"column":4},"end":{"line":91,"column":4}}},"6":{"name":"setVote","line":95,"loc":{"start":{"line":95,"column":4},"end":{"line":105,"column":4}}},"7":{"name":"startProposalsRegistering","line":134,"loc":{"start":{"line":134,"column":4},"end":{"line":138,"column":4}}},"8":{"name":"endProposalsRegistering","line":140,"loc":{"start":{"line":140,"column":4},"end":{"line":144,"column":4}}},"9":{"name":"startVotingSession","line":146,"loc":{"start":{"line":146,"column":4},"end":{"line":150,"column":4}}},"10":{"name":"endVotingSession","line":152,"loc":{"start":{"line":152,"column":4},"end":{"line":156,"column":4}}},"11":{"name":"tallyVotes","line":183,"loc":{"start":{"line":183,"column":3},"end":{"line":195,"column":4}}}},"statementMap":{"1":{"start":{"line":45,"column":8},"end":{"line":45,"column":69}},"2":{"start":{"line":54,"column":8},"end":{"line":54,"column":28}},"3":{"start":{"line":58,"column":8},"end":{"line":58,"column":34}},"4":{"start":{"line":65,"column":8},"end":{"line":65,"column":105}},"5":{"start":{"line":66,"column":8},"end":{"line":66,"column":72}},"6":{"start":{"line":68,"column":8},"end":{"line":68,"column":40}},"7":{"start":{"line":69,"column":8},"end":{"line":69,"column":35}},"8":{"start":{"line":83,"column":8},"end":{"line":83,"column":110}},"9":{"start":{"line":84,"column":8},"end":{"line":84,"column":112}},"10":{"start":{"line":87,"column":8},"end":{"line":87,"column":32}},"11":{"start":{"line":88,"column":8},"end":{"line":88,"column":35}},"12":{"start":{"line":89,"column":8},"end":{"line":89,"column":36}},"13":{"start":{"line":90,"column":8},"end":{"line":90,"column":56}},"14":{"start":{"line":96,"column":8},"end":{"line":96,"column":106}},"15":{"start":{"line":97,"column":8},"end":{"line":97,"column":77}},"16":{"start":{"line":98,"column":8},"end":{"line":98,"column":66}},"17":{"start":{"line":100,"column":8},"end":{"line":100,"column":47}},"18":{"start":{"line":101,"column":8},"end":{"line":101,"column":41}},"19":{"start":{"line":104,"column":8},"end":{"line":104,"column":35}},"20":{"start":{"line":135,"column":8},"end":{"line":135,"column":111}},"21":{"start":{"line":136,"column":8},"end":{"line":136,"column":67}},"22":{"start":{"line":137,"column":8},"end":{"line":137,"column":112}},"23":{"start":{"line":141,"column":8},"end":{"line":141,"column":121}},"24":{"start":{"line":142,"column":8},"end":{"line":142,"column":65}},"25":{"start":{"line":143,"column":8},"end":{"line":143,"column":121}},"26":{"start":{"line":147,"column":8},"end":{"line":147,"column":122}},"27":{"start":{"line":148,"column":8},"end":{"line":148,"column":59}},"28":{"start":{"line":149,"column":8},"end":{"line":149,"column":113}},"29":{"start":{"line":153,"column":8},"end":{"line":153,"column":106}},"30":{"start":{"line":154,"column":8},"end":{"line":154,"column":57}},"31":{"start":{"line":155,"column":8},"end":{"line":155,"column":105}},"32":{"start":{"line":184,"column":7},"end":{"line":184,"column":112}},"33":{"start":{"line":185,"column":7},"end":{"line":185,"column":30}},"34":{"start":{"line":186,"column":6},"end":{"line":186,"column":7100}},"35":{"start":{"line":187,"column":11},"end":{"line":187,"column":7168}},"36":{"start":{"line":188,"column":15},"end":{"line":188,"column":36}},"37":{"start":{"line":191,"column":7},"end":{"line":191,"column":44}},"38":{"start":{"line":193,"column":7},"end":{"line":193,"column":50}},"39":{"start":{"line":194,"column":7},"end":{"line":194,"column":96}}},"branchMap":{"1":{"line":45,"type":"if","locations":[{"start":{"line":45,"column":8},"end":{"line":45,"column":8}},{"start":{"line":45,"column":8},"end":{"line":45,"column":8}}]},"2":{"line":65,"type":"if","locations":[{"start":{"line":65,"column":8},"end":{"line":65,"column":8}},{"start":{"line":65,"column":8},"end":{"line":65,"column":8}}]},"3":{"line":66,"type":"if","locations":[{"start":{"line":66,"column":8},"end":{"line":66,"column":8}},{"start":{"line":66,"column":8},"end":{"line":66,"column":8}}]},"4":{"line":83,"type":"if","locations":[{"start":{"line":83,"column":8},"end":{"line":83,"column":8}},{"start":{"line":83,"column":8},"end":{"line":83,"column":8}}]},"5":{"line":84,"type":"if","locations":[{"start":{"line":84,"column":8},"end":{"line":84,"column":8}},{"start":{"line":84,"column":8},"end":{"line":84,"column":8}}]},"6":{"line":96,"type":"if","locations":[{"start":{"line":96,"column":8},"end":{"line":96,"column":8}},{"start":{"line":96,"column":8},"end":{"line":96,"column":8}}]},"7":{"line":97,"type":"if","locations":[{"start":{"line":97,"column":8},"end":{"line":97,"column":8}},{"start":{"line":97,"column":8},"end":{"line":97,"column":8}}]},"8":{"line":98,"type":"if","locations":[{"start":{"line":98,"column":8},"end":{"line":98,"column":8}},{"start":{"line":98,"column":8},"end":{"line":98,"column":8}}]},"9":{"line":135,"type":"if","locations":[{"start":{"line":135,"column":8},"end":{"line":135,"column":8}},{"start":{"line":135,"column":8},"end":{"line":135,"column":8}}]},"10":{"line":141,"type":"if","locations":[{"start":{"line":141,"column":8},"end":{"line":141,"column":8}},{"start":{"line":141,"column":8},"end":{"line":141,"column":8}}]},"11":{"line":147,"type":"if","locations":[{"start":{"line":147,"column":8},"end":{"line":147,"column":8}},{"start":{"line":147,"column":8},"end":{"line":147,"column":8}}]},"12":{"line":153,"type":"if","locations":[{"start":{"line":153,"column":8},"end":{"line":153,"column":8}},{"start":{"line":153,"column":8},"end":{"line":153,"column":8}}]},"13":{"line":184,"type":"if","locations":[{"start":{"line":184,"column":7},"end":{"line":184,"column":7}},{"start":{"line":184,"column":7},"end":{"line":184,"column":7}}]},"14":{"line":187,"type":"if","locations":[{"start":{"line":187,"column":11},"end":{"line":187,"column":11}},{"start":{"line":187,"column":11},"end":{"line":187,"column":11}}]}}}}